<?xml version="1.0" encoding="UTF-8"?>
<!-- Generated by org.testng.reporters.JUnitReportReporter -->
<testsuite skipped="0" hostname="MahaHameed-PC" name="com.mytest.LoginPageTest" tests="3" failures="0" timestamp="10 Jun 2020 19:31:03 GMT" time="44.929" errors="0">
  <testcase name="verifyLoginPageTitleTest" time="11.677" classname="com.mytest.LoginPageTest"/>
  <testcase name="verifyLoginPageHeaderTest" time="12.359" classname="com.mytest.LoginPageTest"/>
  <testcase name="doLogin" time="20.893" classname="com.mytest.LoginPageTest"/>
</testsuite> <!-- com.mytest.LoginPageTest -->
